<?xml version="1.0" encoding="UTF-8"?>
<testng-results ignored="0" total="1" passed="1" failed="0" skipped="0">
  <reporter-output>
  </reporter-output>
  <suite started-at="2025-04-04T22:39:12 IST" name="Suite" finished-at="2025-04-04T22:39:16 IST" duration-ms="4266">
    <groups>
    </groups>
    <test started-at="2025-04-04T22:39:12 IST" name="UITests" finished-at="2025-04-04T22:39:16 IST" duration-ms="4266">
      <class name="mavenforjenkins.UITest">
        <test-method signature="startBrowser(java.lang.String)[pri:0, instance:mavenforjenkins.UITest@2473d930]" started-at="2025-04-04T22:39:12 IST" name="startBrowser" finished-at="2025-04-04T22:39:16 IST" duration-ms="4234" status="PASS">
          <params>
            <param index="0">
              <value>
                <![CDATA[chrome]]>
              </value>
            </param>
          </params>
          <reporter-output>
          </reporter-output>
        </test-method> <!-- startBrowser -->
      </class> <!-- mavenforjenkins.UITest -->
    </test> <!-- UITests -->
  </suite> <!-- Suite -->
</testng-results>
